20230211	14:35:37	a768e99b-2afd-4dde-b6cd-a62feeebca82	TypeError: Cannot read properties of undefined (reading 'length')	POST	/users	undefined
20230211	14:37:56	af7d784e-84c7-4b94-a61f-6dcdbc0ac8fe	SyntaxError: Unexpected token " in JSON at position 1	GET	/users	undefined
20230211	14:52:56	52df4546-31dd-407f-92f1-a5525204a079	SyntaxError: Unexpected end of JSON input	POST	/users	undefined
20230211	14:54:10	02e9bb0f-a537-4a24-8834-c978d9970761	SyntaxError: Unexpected end of JSON input	POST	/users	undefined
20230211	15:01:46	39e3fc8d-8bdf-4c79-94d0-e392356c517e	ReferenceError: id is not defined	PATCH	/users	undefined
20230211	15:03:58	468c3a22-ee87-49ec-8bcb-1d8e794721a1	SyntaxError: Unexpected token " in JSON at position 1	GET	/users	undefined
20230212	06:06:02	aea6c199-99c2-4fec-a126-1fe922e8e23c	TypeError: Cannot read properties of undefined (reading 'toString')	PATCH	/users	undefined
20230212	06:06:33	f6f2a78b-9bb2-47c4-92e7-f7345ddf07b4	TypeError: Cannot read properties of undefined (reading 'toString')	PATCH	/users	undefined
20230212	06:07:10	8f573bd0-a61e-4694-a80f-4f7a90e8cc99	TypeError: Cannot read properties of undefined (reading 'toString')	PATCH	/users	undefined
20230212	06:09:19	17b71a92-e9bc-42b6-be76-ac0470f41032	TypeError: Cannot read properties of undefined (reading 'toString')	PATCH	/users	undefined
20230212	06:09:21	8ee6956e-bcbf-4bd3-8cbd-28985562165b	TypeError: Cannot read properties of undefined (reading 'toString')	PATCH	/users	undefined
20230212	08:34:26	bbf75afd-3edd-46cf-bf8b-242813bd5079	SyntaxError: Unexpected string in JSON at position 65	POST	/animals	undefined
20230212	08:34:31	411db3ab-d4e6-43c1-84d3-939c7aa9b7ee	ValidationError: Animal validation failed: sex: Path `sex` is required.	POST	/animals	undefined
20230212	08:35:02	511b32fd-6769-40e6-84fa-6441892cfc25	ValidationError: Animal validation failed: sex: Path `sex` is required.	POST	/animals	undefined
20230212	14:25:00	b41097ab-6d6c-44f5-9fa1-e8f497e7e001	ReferenceError: Cannot access 'newAnimal' before initialization	POST	/animals	undefined
20230212	14:25:36	92a40b0d-60d5-4c2c-b2d1-fff768d72beb	ReferenceError: Cannot access 'Animal' before initialization	POST	/animals	undefined
20230212	14:26:54	391bad47-11f9-4338-9408-6664776cd2c4	ReferenceError: Cannot access 'Animal' before initialization	POST	/animals	undefined
20230212	14:26:55	13f59547-95bb-4bc1-afda-21d03d096522	ReferenceError: Cannot access 'Animal' before initialization	POST	/animals	undefined
20230212	14:28:24	032d4016-ebae-4f2a-8665-f998be95d5d4	ReferenceError: Cannot access 'Animal' before initialization	POST	/animals	undefined
20230212	14:44:11	4395798d-c62f-4470-851c-0650507f1531	SyntaxError: Unexpected token , in JSON at position 245	PATCH	/animals	undefined
20230212	14:48:31	2d2acb48-0f0c-4e8a-aadd-e5f5c62fb085	ReferenceError: id is not defined	PATCH	/animals	undefined
20230212	14:48:45	2f9b994f-3f8b-4b3e-afe7-d5624c8fc9d8	ReferenceError: id is not defined	PATCH	/animals	undefined
20230212	14:48:46	167a37e4-b6a3-41be-91a7-fa7dcf51d370	ReferenceError: id is not defined	PATCH	/animals	undefined
20230212	14:48:51	11552493-ae60-4a28-94e0-aae83d20d0f2	ReferenceError: id is not defined	PATCH	/animals	undefined
20230212	14:48:52	0fc71ff1-0e58-4e2e-8da3-ffa339ec7651	ReferenceError: id is not defined	PATCH	/animals	undefined
20230212	14:49:14	08ef0caf-a86b-4f91-80f3-6fbceb00c8cd	ReferenceError: id is not defined	PATCH	/animals	undefined
20230212	14:49:19	62363fa1-f584-4779-a6f8-2de4584e4067	ReferenceError: id is not defined	PATCH	/animals	undefined
20230216	06:09:43	5ea691bb-3de4-4a11-ac3a-cd1477747c92	ReferenceError: req is not defined	GET	/users	undefined
20230216	06:10:00	5b4991c3-f0f4-4210-9ee0-9063c11e83af	ReferenceError: req is not defined	GET	/animals	undefined
20230218	05:44:54	76ebe650-a3b3-4910-bcaa-a0b9b8aec0aa	TypeError: Cannot read properties of undefined (reading 'length')	POST	/users	undefined
20230218	14:19:52	954f7fa5-3984-4cea-bcf0-99df075843e4	SyntaxError: Unexpected token L in JSON at position 39	POST	/users/login	undefined
20230218	14:21:51	8da83a97-a3c3-43d9-b54b-757f6670e45d	SyntaxError: Unexpected token L in JSON at position 39	POST	/users/login	undefined
20230218	14:21:53	26a1db8b-343a-4828-afae-cc29599f5bac	SyntaxError: Unexpected token L in JSON at position 39	POST	/users/login	undefined
20230218	15:32:54	f0941464-9314-4ea6-94a9-7678d04956a0	TypeError: Cannot read properties of undefined (reading 'length')	POST	/users	undefined
20230218	16:26:42	45757123-9042-4b18-b2fc-f683eea49411	ReferenceError: isAdmin is not defined	POST	/users	undefined
20230218	16:27:18	87e2e356-992a-401b-ac47-6de2032729ec	ReferenceError: isAdmin is not defined	POST	/users	undefined
20230220	22:34:19	9075ed0c-5507-4426-b892-5fa4b92e04ce	ReferenceError: id is not defined	PATCH	/animals/63f2d17938e2778e0131a4a0	http://localhost:3500
20230220	22:34:57	c3919ede-63f7-47c5-8ea2-4811e08f4656	ReferenceError: id is not defined	PATCH	/animals/63f2d17938e2778e0131a4a0	http://localhost:3500
20230220	23:24:15	886e1169-7ca8-496f-a6e0-e3bdd8332fba	ReferenceError: id is not defined	PATCH	/users/63f2e124b78e59702873e8a0	http://localhost:3500
20230220	23:24:25	0f51db3a-a9a7-4cda-a34a-79a0dbec93ed	ReferenceError: id is not defined	PATCH	/users/63f2e124b78e59702873e8a0	http://localhost:3500
20230220	23:24:44	3f79eba5-f5d5-4ca8-8895-239db04b4af7	ReferenceError: id is not defined	PATCH	/users/63f2e124b78e59702873e8a0	http://localhost:3500
20230220	23:25:45	f6e23eb0-2abc-4695-86cb-0caad6642608	ReferenceError: id is not defined	PATCH	/users/63f2e124b78e59702873e8a0	http://localhost:3500
20230220	23:26:09	8683e31b-d53c-4e5e-ad0c-2ffab11e7643	ReferenceError: id is not defined	PATCH	/users/63f2e124b78e59702873e8a0	http://localhost:3500
20230220	23:28:01	ca6ff34c-c190-4a6c-b489-7832341c77ec	ReferenceError: id is not defined	PATCH	/users/63f2e124b78e59702873e8a0	http://localhost:3500
20230220	23:28:24	a7546198-3322-4e71-a19b-02e164416179	ReferenceError: id is not defined	PATCH	/users/63f2e124b78e59702873e8a0	http://localhost:3500
20230220	23:30:50	bb5cd78a-7a2d-4ea5-ba44-f08c7eb37c8d	ReferenceError: id is not defined	PATCH	/users/63f06a2eab013e55d7fc33d4	http://localhost:3500
20230220	23:31:16	e79c3792-9a84-4633-93b8-b93c7762efbc	ReferenceError: id is not defined	PATCH	/users/63f06a2eab013e55d7fc33d4	http://localhost:3500
20230220	23:36:10	92f4b35c-4c67-41fd-940f-d4b03b93dec8	ReferenceError: id is not defined	PATCH	/users/undefined	http://localhost:3500
20230220	23:39:24	720c2321-a53b-407b-8719-161cae0ac47b	ValidationError: User validation failed: isAdmin: Cast to Boolean failed for value "on" (type string) at path "isAdmin" because of "CastError"	PATCH	/users/undefined	http://localhost:3500
20230228	05:19:21	ab768815-155c-4da7-b5d7-b85a49f2d1a8	TypeError: Cannot read properties of undefined (reading 'filename')	POST	/animals	undefined
20230228	05:20:19	cf7df44e-a738-40fb-a533-ab1d0693293d	TypeError: Cannot read properties of undefined (reading 'filename')	POST	/animals	undefined
20230303	10:58:37	d3c1cf95-c6b5-4339-aa5c-10850f2e1477	SyntaxError: Unexpected token } in JSON at position 80	PATCH	/users/640145131d558d9a063a233b	undefined
