20230204	16:35:16	b62be79f-4f1b-4ee7-8f18-1a7ccdd18e0b	GET	/	undefined
20230204	16:35:16	8e661662-f98b-4f49-b003-1801fc9c8050	GET	/css/styles.css	undefined
20230204	16:43:15	fb1c45ef-d53a-432c-8855-1f12fb3bf8fd	GET	/	undefined
20230204	16:43:15	176ea5e3-24f8-4742-a660-395c0ea150bb	GET	/css/styles.css	undefined
20230205	05:19:05	e0b56b42-059c-4ccd-933f-75cdefabdb1f	GET	/	undefined
20230205	05:19:05	9083a629-62e9-4790-af0a-3d71b6f62f8d	GET	/css/styles.css	undefined
20230205	05:32:03	db156399-7a0a-44ff-be30-121a06c66849	GET	/	undefined
20230205	05:32:03	dce19b61-f054-4503-aee6-6c1f0f2c0c8c	GET	/css/styles.css	undefined
20230208	06:02:57	cb564818-7b84-4d3b-aa72-405e67cbc5fd	GET	/	undefined
20230208	06:02:57	3071f24c-ad21-4f6b-845a-54368f3bb2a1	GET	/css/styles.css	undefined
20230209	05:02:21	a485bcf5-8574-45bb-9a69-86c56aa91c19	GET	/	undefined
20230209	05:02:21	4aafdb47-3bba-4063-af83-46993419e3f9	GET	/css/styles.css	undefined
20230209	05:56:32	ce707af8-5fb6-45ef-9ee2-97bf497f2766	GET	/	undefined
20230209	05:56:32	377577c8-b320-494a-9b5b-11f62fbca205	GET	/css/styles.css	undefined
20230209	05:57:13	d77a2a57-d87e-47ff-9854-de98186a1427	GET	/users	undefined
20230209	06:01:05	8464ded2-8bfb-4531-b710-d7465e16e52e	GET	/users	undefined
20230211	13:57:18	8d8a1887-8c84-40f0-8751-5b9dcd51752b	GET	/users	undefined
20230211	14:04:30	8069ed87-b738-4d97-bc5d-e925fbe7741f	GET	/users	undefined
20230211	14:07:08	b4b0b3f9-77dc-4406-866b-4e7a3dbc08d4	GET	/users	undefined
20230211	14:07:16	8266d69f-28a3-42ed-b9ff-d424464cec00	POST	/users	undefined
20230211	14:09:20	99da4738-44d1-4a94-9fa2-a475b4c839c7	GET	/users	undefined
20230211	14:18:37	eadb15f6-5bfa-4096-8152-e20f195d3d70	GET	/users	undefined
20230211	14:26:23	90d6fe9a-e9d2-43dd-88a3-1672296c181e	GET	/users	undefined
20230211	14:30:00	0baf8d92-fd31-42f9-9254-09f5a2176ad9	POST	/users	undefined
20230211	14:30:22	fedc7deb-ad8b-4ea6-8545-017ee81d946b	GET	/users	undefined
20230211	14:35:01	d710ffd8-312b-4b55-9bf7-d46f1996e084	POST	/users	undefined
20230211	14:35:13	babbde8d-5b52-4291-8481-9b01df488bc5	POST	/users	undefined
20230211	14:35:28	b8879517-72e4-4a81-b1cc-77c5d8eff3c8	POST	/users	undefined
20230211	14:35:37	fb3db903-0cb3-4ede-a9dd-0b49be518de1	POST	/users	undefined
20230211	14:36:14	fe219763-a61b-49ca-98cd-24e68fcc3f1c	POST	/users	undefined
20230211	14:37:56	de7361a8-7cf5-4fa1-914b-206fdb73655b	GET	/users	undefined
20230211	14:38:54	5cbbb252-2eb0-4d8c-b1d2-5e2890097a05	PATCH	/users	undefined
20230211	14:39:14	7cd54de1-f2ec-4509-af19-7af168bd4d5a	PATCH	/users	undefined
20230211	14:39:15	e4814d5e-7373-4cf0-a6ff-a15a850c465d	PATCH	/users	undefined
20230211	14:41:06	ad2345f9-4a71-4c6b-b533-51cdaba2355a	PATCH	/users	undefined
20230211	14:41:50	5bd4dcf9-9810-4679-8d95-4d435be4e48f	PATCH	/users	undefined
20230211	14:43:14	137fc98a-d1c0-4f9b-9a8a-1b33174f8e25	PATCH	/users	undefined
20230211	14:44:04	2d5d96cb-8d62-41b4-9055-372adb870a81	POST	/users	undefined
20230211	14:44:05	12e57d0b-3ed0-4a0d-856a-2b2438653277	POST	/users	undefined
20230211	14:44:33	00cf84ae-3d33-40cf-8606-fef0267825d5	POST	/users	undefined
20230211	14:44:38	c131f118-c09c-44b5-a4f7-a075cf81fcc7	GET	/users	undefined
20230211	14:45:26	73ab1b56-dadf-4f09-8f78-935d80c540d7	PATCH	/users	undefined
20230211	14:47:45	c3b664c4-ecde-4259-aa1c-681fd66a1f56	PATCH	/users	undefined
20230211	14:47:57	78310ac5-c7f0-4d7a-a049-8803acfcf414	PATCH	/users	undefined
20230211	14:47:59	66e3acd5-7343-4eb5-a527-6b090be0b5b8	PATCH	/users	undefined
20230211	14:49:14	fd19b882-52f0-49e9-9f82-8d994ba7fc3c	PATCH	/users	undefined
20230211	14:49:15	6e49b13e-bd4e-45fc-9507-c6ed5ba4e250	PATCH	/users	undefined
20230211	14:50:39	e55c3e94-34c4-49b8-8629-f87fe4b6306d	PATCH	/users	undefined
20230211	14:50:40	fa42916a-2f08-43a6-8805-70aa0963978a	PATCH	/users	undefined
20230211	14:52:55	4db158e4-f435-4d32-9c22-23ae086c6bd8	POST	/users	undefined
20230211	14:54:10	e537a4f9-caae-41ab-89af-24c3fdf4cf60	POST	/users	undefined
20230211	14:54:21	1ffa974b-3e21-4ac2-bcce-c6329ae90953	POST	/users	undefined
20230211	14:55:57	59bdcb34-3336-49d8-83bc-8cf6a146de21	GET	/users	undefined
20230211	14:56:34	86e0c78c-72f1-4130-93ef-2bfb21bbb0b1	PATCH	/users	undefined
20230211	14:58:59	84ed1516-bdb5-458c-8d33-f6d97a4db4d5	PATCH	/users	undefined
20230211	15:00:45	5a1f52fe-cf3c-4c57-8728-a339fa977c75	PATCH	/users	undefined
20230211	15:00:55	29a83784-97b8-4631-b4a2-37131d37d8e7	PATCH	/users	undefined
20230211	15:00:56	74a043ea-b8a0-4d16-abde-3feafe6361ba	PATCH	/users	undefined
20230211	15:01:46	7c887a1b-128d-4451-93ef-b01861f7b2ec	PATCH	/users	undefined
20230211	15:03:58	95f44d22-dd29-4dd1-abc1-90e95928d854	GET	/users	undefined
20230211	15:04:02	9fa3ed22-7378-46f8-aa10-fdbaa32ca790	GET	/users	undefined
20230211	15:04:38	401028c2-2dd2-403e-942a-52995848f4b3	PATCH	/users	undefined
20230211	15:05:02	7267e7d8-d8a8-4da3-b4ba-0e65f7f2ba83	PATCH	/users	undefined
20230211	15:06:15	30f1260c-9f49-4036-91a3-7223c714aa2e	PATCH	/users	undefined
20230212	06:02:33	24ea11fd-6ee9-48c2-9aee-150435ed8615	PATCH	/users	undefined
20230212	06:03:27	dc8f4625-391e-4009-83c7-cefb3860ba41	GET	/users	undefined
20230212	06:03:47	e98f65b8-dcc8-42d5-ac19-38b62cda32e7	PATCH	/users	undefined
20230212	06:03:53	25cce00c-66e3-475b-8128-a0eb017476a1	PATCH	/users	undefined
20230212	06:04:42	e1c66f76-3132-47ea-a721-c21629a26df8	POST	/users	undefined
20230212	06:05:01	3efa4520-fd12-4196-b5aa-619cc41ba955	POST	/users	undefined
20230212	06:05:26	b60f6a16-f6af-4bef-918b-f220ff12e930	POST	/users	undefined
20230212	06:05:32	b73e3a1c-8254-4ad8-b656-ae21eaf079bf	GET	/users	undefined
20230212	06:06:02	bd105816-12f8-418f-9786-0cab221d5404	PATCH	/users	undefined
20230212	06:06:32	51368c60-d128-42a3-8696-cf3c8f6eb707	PATCH	/users	undefined
20230212	06:07:10	e15b275b-d917-40c4-819b-ccbc8950f1d2	PATCH	/users	undefined
20230212	06:09:19	6468d26d-2879-4301-aca4-2e319fefed9d	PATCH	/users	undefined
20230212	06:09:21	7707f7ba-c7fe-4495-9482-fe869951d2c3	PATCH	/users	undefined
20230212	06:11:27	ba622692-c06f-4321-9577-ece5157a344b	PATCH	/users	undefined
20230212	06:13:24	eba645ca-7e52-4fec-9a92-bb6108df0db0	DELETE	/users	undefined
20230212	06:13:32	b423e9d1-a7f3-4ee0-9cc8-bdc3ebaca792	DELETE	/users	undefined
20230212	06:13:38	8574957f-e419-496d-99ac-34959dca485e	DELETE	/users	undefined
20230212	06:13:46	4a36bd26-53ab-4a59-84d5-4c0940648ffc	GET	/users	undefined
20230212	06:26:01	26a05b9d-6579-4455-a8fc-cdb8aef86b29	GET	/animals	undefined
20230212	07:48:08	8332d019-0f38-4234-bd0f-5ab3d96012cf	POST	/animals	undefined
20230212	08:20:16	d940998b-27c4-4a20-963a-69a3a6fb4277	POST	/users	undefined
20230212	08:20:26	e1725549-b75a-4396-ab6e-0b5a4d446d18	POST	/users	undefined
20230212	08:20:51	fc0fb342-cc80-457c-ab61-79ebd848c796	POST	/users	undefined
20230212	08:23:00	14085e33-7fc7-40f2-8e3f-bb29e4502986	POST	/users	undefined
20230212	08:23:18	f9dc1c58-d261-40ce-bf39-6decfe724de0	POST	/animals	undefined
20230212	08:26:15	4c9d43ee-f864-49bc-a682-d8eb7321290c	POST	/animals	undefined
20230212	08:27:39	91032aba-6108-44ba-8361-b5264903a64e	POST	/animals	undefined
20230212	08:27:40	e02b4feb-47eb-4c75-81ab-8b9a31b3522c	POST	/animals	undefined
20230212	08:28:40	b5d1569c-50c1-42f9-9f84-de92faec32e5	POST	/animals	undefined
20230212	08:28:41	c42b2afe-b0bb-4b04-bf77-4b94d0074504	POST	/animals	undefined
20230212	08:28:50	01a96c93-de67-4172-80a5-ecad2f40f71e	POST	/animals	undefined
20230212	08:29:55	d5e8a463-2f07-464b-99f9-d9e73d84a604	POST	/animals	undefined
20230212	08:30:05	39303477-f73f-4df0-9396-f57e4fd6912e	GET	/animals	undefined
20230212	08:30:58	02136bab-c851-4533-888b-e4c32766ce65	POST	/animals	undefined
20230212	08:34:26	9b9c2ad5-5237-4e3f-b5a0-9401641d2e87	POST	/animals	undefined
20230212	08:34:31	00d3c87d-fc9a-44f5-9b94-b723c5788fba	POST	/animals	undefined
20230212	08:35:02	b7a305dc-183a-439e-bb2e-fc957df27b86	POST	/animals	undefined
20230212	08:36:28	250c6b6e-c9ad-4d79-966c-e42733e7e079	POST	/animals	undefined
20230212	14:14:03	ff3e4fe2-0762-43b7-b18b-467fa56ddc53	POST	/users	undefined
20230212	14:14:11	22082bae-b31c-4a86-8a85-b58df972818d	GET	/users	undefined
20230212	14:18:32	9074d55d-144f-4674-a83e-136b05f4ed66	PATCH	/users	undefined
20230212	14:18:43	f17a6b3c-af54-48db-ae7b-f8d28d20651d	GET	/users	undefined
20230212	14:19:21	0ad8c14e-072c-49b2-857a-cbad88064c48	PATCH	/users	undefined
20230212	14:19:31	75e386ab-e21d-4f00-b6b0-d3a2b242004a	PATCH	/users	undefined
20230212	14:20:46	2bf8904d-e370-441c-8ee4-e502e1ed854e	DELETE	/users	undefined
20230212	14:25:00	875c2849-f01c-466e-ba2d-727c4954236c	POST	/animals	undefined
20230212	14:25:36	fe4d4bad-2041-43d0-bb94-ba401a10f0e6	POST	/animals	undefined
20230212	14:26:54	5b5cd87a-0c63-42a0-a3cf-df56e1893a22	POST	/animals	undefined
20230212	14:26:55	b13c9857-37a6-4b99-a243-b595d8b47bc3	POST	/animals	undefined
20230212	14:28:24	12fb9b5e-ebeb-4921-be14-5901cb7c3251	POST	/animals	undefined
20230212	14:31:01	81a0c550-c1f7-4ef6-8069-9b94cf100cb1	POST	/animals	undefined
20230212	14:32:15	b17e381e-9db9-412d-8e8d-37cea1934f61	GET	/users	undefined
20230212	14:32:23	7dc42579-32aa-436e-81dd-45202030f327	POST	/users	undefined
20230212	14:32:31	a69b7b39-1564-4bc9-9a6f-b9d5ced684c3	PATCH	/users	undefined
20230212	14:32:42	6d5ef4c2-50ba-4f86-bb81-70710bb1d5d1	GET	/users	undefined
20230212	14:32:56	8211a17e-c6e8-4c34-be1f-b16a7eb12950	PATCH	/users	undefined
20230212	14:33:02	792119c2-9ac5-4420-a1a4-6209505515e4	PATCH	/users	undefined
20230212	14:43:53	9bd48ec8-bc32-42a8-aaa8-c79747b19eb5	GET	/animals	undefined
20230212	14:44:11	dd41cbee-500e-459c-974a-8f65371cc96e	PATCH	/animals	undefined
20230212	14:44:24	5c4204b4-65c2-4027-8588-66d22addd297	PATCH	/animals	undefined
20230212	14:44:46	c4e5fade-4d87-47bb-9820-cc65aee93922	PATCH	/animals	undefined
20230212	14:46:07	e84a6cfb-071a-416c-add0-e210d49978ff	PATCH	/users	undefined
20230212	14:46:33	7778d4b0-ab21-47d2-869f-0ad9e934852d	PATCH	/animals	undefined
20230212	14:46:34	8b2d90af-da73-43ce-84d0-96e28e602175	PATCH	/animals	undefined
20230212	14:47:28	49f98917-170e-449f-9c86-a45f59ce004e	PATCH	/animals	undefined
20230212	14:47:30	f3e4ab8e-17e7-4778-bfaf-e31772b5a990	PATCH	/animals	undefined
20230212	14:47:39	d5451a81-48e7-44cc-a799-1d50119b2400	PATCH	/animals	undefined
20230212	14:47:41	597718b3-671f-4b4e-adc1-e53adec5f627	PATCH	/animals	undefined
20230212	14:48:15	1e9c42b2-21cb-49bc-a9c3-153a6edc6ad6	PATCH	/animals	undefined
20230212	14:48:16	a745d8d9-a6e8-435a-b8d7-439db09b3eb7	PATCH	/animals	undefined
20230212	14:48:31	45a95a21-e908-45f7-9d50-ab43bddedee0	PATCH	/animals	undefined
20230212	14:48:45	3f3ca0c7-7f4c-412f-85a7-d19335719047	PATCH	/animals	undefined
20230212	14:48:46	1cf035bd-e73e-45d9-b7d5-f3fd299f5d36	PATCH	/animals	undefined
20230212	14:48:51	d51e3a0a-393c-4ee7-a9e5-8d1cabf32483	PATCH	/animals	undefined
20230212	14:48:52	59a8314d-1775-4d68-900c-ee89674aea0b	PATCH	/animals	undefined
20230212	14:49:00	9ec7fe89-83d4-456e-90aa-b466ded540dc	GET	/animals	undefined
20230212	14:49:14	0ea73d66-cb62-499a-a710-ccf4a403f11e	PATCH	/animals	undefined
20230212	14:49:19	f8b13776-ab1d-422e-8faf-e6829a41f81b	PATCH	/animals	undefined
20230212	14:51:12	d0ddf40d-a0b1-4e55-affb-212e28022bd2	PATCH	/animals	undefined
20230212	14:54:25	1f899978-d14c-4d73-9367-78721faf4191	DELETE	/animals	undefined
20230216	06:09:43	89910f76-8dc6-4fa1-b2a9-dccfa59721d1	GET	/users	undefined
20230216	06:10:00	4afdff92-ea0d-46bb-b090-0a4cefe54ba5	GET	/animals	undefined
20230216	06:12:30	e07dadc4-4246-421d-b60f-a93ef5064805	GET	/animals	undefined
20230218	05:42:09	a0aec89f-94b5-419c-89cc-aa032a2ec6b2	POST	/auth	undefined
20230218	05:43:40	197954de-9e3f-4734-89df-2b70639a173c	GET	/users	undefined
20230218	05:44:54	f3ef8f8a-bde1-4031-b985-4a5ac13aef61	POST	/users	undefined
20230218	05:45:16	935b150f-fa09-4d14-95cc-253b666e0c3b	POST	/users	undefined
20230218	05:45:58	60fc19ac-3cd5-4dd1-803b-45315502dfb7	POST	/auth	undefined
20230218	05:50:40	5c5e2981-a79c-4ca3-a544-dac28f9dfabe	POST	/auth	undefined
20230218	05:55:35	b32345b3-a4b7-40d7-acfe-d77267f862e9	POST	/auth	undefined
20230218	05:57:28	8bb5258c-405a-4afa-acff-3cce648a267c	POST	/auth	undefined
20230218	05:59:53	e212548e-b512-4495-b5bc-756a4c1ec7d4	POST	/auth	undefined
20230218	05:59:55	fa75360d-7ede-4b9b-af78-4c590c1dcf45	POST	/auth	undefined
20230218	06:06:58	29e9164a-a4d0-4f3f-abc5-89dd51c801e5	POST	/auth	undefined
20230218	06:06:59	a4e44509-364d-4301-960f-b46118458bcc	POST	/auth	undefined
20230218	06:17:35	23eddb7d-e6cc-4fcf-9a8f-844447001640	POST	/auth	undefined
20230218	10:59:53	6df0e655-dbb5-495c-be48-daa1106bc3dc	POST	/auth	undefined
20230218	10:59:57	5b43dad6-64b2-4977-9d0c-2e2ffd69978f	GET	/animals	undefined
20230218	12:24:00	3eabbbd5-98aa-4cdd-8b54-a66586de3aba	GET	/animals	undefined
20230218	12:24:02	98376f2f-0e54-46e9-8ed5-0f94a4f80927	POST	/auth	undefined
20230218	12:24:10	16ea2cb4-2171-4342-849a-84d64b07640e	GET	/users	undefined
20230218	13:06:29	1c03394a-8393-49ce-823c-0730fb39c3e5	GET	/users	undefined
20230218	13:06:37	7ebada32-3c33-485c-b4a6-170bea1ef313	GET	/users	undefined
